2022-11-15 14:17:01,416 [11] ERROR  Application (null) (null) - Name:AQ\11173
2022-11-15 14:47:45,798 [9] ERROR  Application (null) (null) - Name:AQ\11173
2022-11-15 14:49:50,895 [9] ERROR  Application (null) (null) - Name:AQ\11173
2022-11-15 14:52:02,906 [9] ERROR  Application (null) (null) -    at System.DirectoryServices.DirectoryEntry.Bind(Boolean throwIfFail)
   at System.DirectoryServices.DirectoryEntry.Bind()
   at System.DirectoryServices.DirectoryEntry.get_AdsObject()
   at System.DirectoryServices.PropertyValueCollection.PopulateList()
   at System.DirectoryServices.PropertyValueCollection..ctor(DirectoryEntry entry, String propertyName)
   at System.DirectoryServices.PropertyCollection.get_Item(String propertyName)
   at System.DirectoryServices.AccountManagement.PrincipalContext.DoLDAPDirectoryInitNoContainer()
   at System.DirectoryServices.AccountManagement.PrincipalContext.DoDomainInit()
   at System.DirectoryServices.AccountManagement.PrincipalContext.Initialize()
   at System.DirectoryServices.AccountManagement.PrincipalContext.get_QueryCtx()
   at System.DirectoryServices.AccountManagement.PrincipalSearcher.SetDefaultPageSizeForContext()
   at System.DirectoryServices.AccountManagement.PrincipalSearcher..ctor(Principal queryFilter)
   at AQ.Kelloggs.UI.Controllers.CommonController.<SearchUsers>d__22.MoveNext() in D:\Kellogs Projects\Kellogs\AQ.Kelloggs.UI\Controllers\CommonController.cs:line 422
2022-11-15 14:52:02,909 [9] ERROR  Application (null) (null) - The user name or password is incorrect.

2022-11-15 14:52:02,952 [9] ERROR  Application (null) (null) - The user name or password is incorrect.

2022-11-15 14:52:53,248 [32] ERROR  Application (null) (null) -    at System.DirectoryServices.DirectoryEntry.Bind(Boolean throwIfFail)
   at System.DirectoryServices.DirectoryEntry.Bind()
   at System.DirectoryServices.DirectoryEntry.get_AdsObject()
   at System.DirectoryServices.PropertyValueCollection.PopulateList()
   at System.DirectoryServices.PropertyValueCollection..ctor(DirectoryEntry entry, String propertyName)
   at System.DirectoryServices.PropertyCollection.get_Item(String propertyName)
   at System.DirectoryServices.AccountManagement.PrincipalContext.DoLDAPDirectoryInitNoContainer()
   at System.DirectoryServices.AccountManagement.PrincipalContext.DoDomainInit()
   at System.DirectoryServices.AccountManagement.PrincipalContext.Initialize()
   at System.DirectoryServices.AccountManagement.PrincipalContext.get_QueryCtx()
   at System.DirectoryServices.AccountManagement.PrincipalSearcher.SetDefaultPageSizeForContext()
   at System.DirectoryServices.AccountManagement.PrincipalSearcher..ctor(Principal queryFilter)
   at AQ.Kelloggs.UI.Controllers.CommonController.<SearchUsers>d__22.MoveNext() in D:\Kellogs Projects\Kellogs\AQ.Kelloggs.UI\Controllers\CommonController.cs:line 422
2022-11-15 14:52:53,251 [32] ERROR  Application (null) (null) - The user name or password is incorrect.

2022-11-15 14:52:53,290 [32] ERROR  Application (null) (null) - The user name or password is incorrect.

2022-11-15 14:59:59,250 [14] ERROR  Application (null) (null) - Name:AQ\11173
2022-11-15 15:00:13,547 [16] ERROR  Application (null) (null) - Name:AQ\11173
2022-11-15 15:12:19,833 [35] ERROR  Application (null) (null) - Name:AQ\11173
2022-11-15 15:19:16,455 [12] ERROR  Application (null) (null) -    at Microsoft.Graph.Auth.ClaimsPrincipalExtensions.ToGraphUserAccount(ClaimsPrincipal claimsPrincipal)
   at AQ.Kelloggs.UI.Controllers.CommonController.Index() in D:\Kellogs Projects\Kellogs\AQ.Kelloggs.UI\Controllers\CommonController.cs:line 274
2022-11-15 15:19:16,471 [12] ERROR  Application (null) (null) - Code: invalidClaim
Message: Missing 'http://schemas.microsoft.com/identity/claims/objectidentifier' claim.

2022-11-15 15:48:29,128 [10] ERROR  Application (null) (null) -    at Microsoft.Graph.Auth.ClaimsPrincipalExtensions.ToGraphUserAccount(ClaimsPrincipal claimsPrincipal)
   at AQ.Kelloggs.UI.Controllers.CommonController.Index() in D:\Kellogs Projects\Kellogs\AQ.Kelloggs.UI\Controllers\CommonController.cs:line 274
2022-11-15 15:48:29,146 [10] ERROR  Application (null) (null) - Code: invalidClaim
Message: Missing 'http://schemas.microsoft.com/identity/claims/objectidentifier' claim.

2022-11-15 15:54:47,442 [12] ERROR  Application (null) (null) -    at Microsoft.Graph.Auth.ClaimsPrincipalExtensions.ToGraphUserAccount(ClaimsPrincipal claimsPrincipal)
   at AQ.Kelloggs.UI.Controllers.CommonController.Index() in D:\Kellogs Projects\Kellogs\AQ.Kelloggs.UI\Controllers\CommonController.cs:line 274
2022-11-15 15:54:47,460 [12] ERROR  Application (null) (null) - Code: invalidClaim
Message: Missing 'http://schemas.microsoft.com/identity/claims/objectidentifier' claim.

2022-11-15 15:54:49,886 [12] ERROR  Application (null) (null) - Code: invalidClaim
Message: Missing 'http://schemas.microsoft.com/identity/claims/objectidentifier' claim.

