2022-04-04 11:10:01,025 [16] ERROR  Application (null) (null) - Name:AQ\11173
2022-04-04 11:41:14,731 [10] ERROR  Application (null) (null) - Name:AQ\11173
2022-04-04 11:46:12,738 [15] ERROR  Application (null) (null) - Name:AQ\11173
2022-04-04 12:39:34,996 [11] ERROR  Application (null) (null) - Name:AQ\11173
2022-04-04 13:19:48,351 [11] ERROR  Application (null) (null) - Name:AQ\11173
2022-04-04 13:41:58,414 [16] ERROR  Application (null) (null) - value of index = 14 is out of range 0..13
2022-04-04 13:43:50,417 [16] ERROR  Application (null) (null) - value of index = 14 is out of range 0..13
2022-04-04 13:43:53,795 [16] ERROR  Application (null) (null) - System.IndexOutOfRangeException: value of index = 14 is out of range 0..13
   at Aspose.Slides.RowCollection.get_Item(Int32 index)
   at Aspose.Slides.Table.get_Item(Int32 columnIndex, Int32 rowIndex)
   at AQ.Kelloggs.BAL.ReportGeneratorBAL.BindSlide13TableBusinessReview(IDictionary`2 obj, IEnumerable`1 list, ITable table, Int32 i, String append) in D:\Kellogs Projects\Kellogs\AQ.Kelloggs.BAL\ReportGeneratorBAL.cs:line 3343
   at AQ.Kelloggs.BAL.ReportGeneratorBAL.GetPptDetails(ReportRequest request, IList`1 data, IList`1 origTimeList) in D:\Kellogs Projects\Kellogs\AQ.Kelloggs.BAL\ReportGeneratorBAL.cs:line 3085
   at AQ.Kelloggs.UI.Controllers.ReportGeneratorController.DownloadReport(String request, String origTimeList) in D:\Kellogs Projects\Kellogs\AQ.Kelloggs.UI\Controllers\ReportGeneratorController.cs:line 30
   at lambda_method(Closure , ControllerBase , Object[] )
   at System.Web.Mvc.ActionMethodDispatcher.Execute(ControllerBase controller, Object[] parameters)
   at System.Web.Mvc.ReflectedActionDescriptor.Execute(ControllerContext controllerContext, IDictionary`2 parameters)
   at System.Web.Mvc.ControllerActionInvoker.InvokeActionMethod(ControllerContext controllerContext, ActionDescriptor actionDescriptor, IDictionary`2 parameters)
   at System.Web.Mvc.Async.AsyncControllerActionInvoker.<BeginInvokeSynchronousActionMethod>b__39(IAsyncResult asyncResult, ActionInvocation innerInvokeState)
   at System.Web.Mvc.Async.AsyncResultWrapper.WrappedAsyncResult`2.CallEndDelegate(IAsyncResult asyncResult)
   at System.Web.Mvc.Async.AsyncResultWrapper.WrappedAsyncResultBase`1.End()
   at System.Web.Mvc.Async.AsyncControllerActionInvoker.EndInvokeActionMethod(IAsyncResult asyncResult)
   at System.Web.Mvc.Async.AsyncControllerActionInvoker.AsyncInvocationWithFilters.<InvokeActionMethodFilterAsynchronouslyRecursive>b__3d()
   at System.Web.Mvc.Async.AsyncControllerActionInvoker.AsyncInvocationWithFilters.<>c__DisplayClass46.<InvokeActionMethodFilterAsynchronouslyRecursive>b__3f()
   at System.Web.Mvc.Async.AsyncControllerActionInvoker.<>c__DisplayClass33.<BeginInvokeActionMethodWithFilters>b__32(IAsyncResult asyncResult)
   at System.Web.Mvc.Async.AsyncResultWrapper.WrappedAsyncResult`1.CallEndDelegate(IAsyncResult asyncResult)
   at System.Web.Mvc.Async.AsyncResultWrapper.WrappedAsyncResultBase`1.End()
   at System.Web.Mvc.Async.AsyncControllerActionInvoker.EndInvokeActionMethodWithFilters(IAsyncResult asyncResult)
   at System.Web.Mvc.Async.AsyncControllerActionInvoker.<>c__DisplayClass21.<>c__DisplayClass2b.<BeginInvokeAction>b__1c()
   at System.Web.Mvc.Async.AsyncControllerActionInvoker.<>c__DisplayClass21.<BeginInvokeAction>b__1e(IAsyncResult asyncResult)
2022-04-04 13:43:53,808 [16] ERROR  Application (null) (null) - value of index = 14 is out of range 0..13
2022-04-04 14:01:01,507 [16] ERROR  Application (null) (null) - value of index = 15 is out of range 0..14
2022-04-04 14:03:10,391 [16] ERROR  Application (null) (null) - value of index = 15 is out of range 0..14
2022-04-04 14:03:11,346 [16] ERROR  Application (null) (null) - System.IndexOutOfRangeException: value of index = 15 is out of range 0..14
   at Aspose.Slides.RowCollection.get_Item(Int32 index)
   at Aspose.Slides.Table.get_Item(Int32 columnIndex, Int32 rowIndex)
   at AQ.Kelloggs.BAL.ReportGeneratorBAL.BindSlide13TableBusinessReview(IDictionary`2 obj, IEnumerable`1 list, ITable table, Int32 i, String append) in D:\Kellogs Projects\Kellogs\AQ.Kelloggs.BAL\ReportGeneratorBAL.cs:line 3343
   at AQ.Kelloggs.BAL.ReportGeneratorBAL.GetPptDetails(ReportRequest request, IList`1 data, IList`1 origTimeList) in D:\Kellogs Projects\Kellogs\AQ.Kelloggs.BAL\ReportGeneratorBAL.cs:line 3085
   at AQ.Kelloggs.UI.Controllers.ReportGeneratorController.DownloadReport(String request, String origTimeList) in D:\Kellogs Projects\Kellogs\AQ.Kelloggs.UI\Controllers\ReportGeneratorController.cs:line 30
   at lambda_method(Closure , ControllerBase , Object[] )
   at System.Web.Mvc.ActionMethodDispatcher.Execute(ControllerBase controller, Object[] parameters)
   at System.Web.Mvc.ReflectedActionDescriptor.Execute(ControllerContext controllerContext, IDictionary`2 parameters)
   at System.Web.Mvc.ControllerActionInvoker.InvokeActionMethod(ControllerContext controllerContext, ActionDescriptor actionDescriptor, IDictionary`2 parameters)
   at System.Web.Mvc.Async.AsyncControllerActionInvoker.<BeginInvokeSynchronousActionMethod>b__39(IAsyncResult asyncResult, ActionInvocation innerInvokeState)
   at System.Web.Mvc.Async.AsyncResultWrapper.WrappedAsyncResult`2.CallEndDelegate(IAsyncResult asyncResult)
   at System.Web.Mvc.Async.AsyncResultWrapper.WrappedAsyncResultBase`1.End()
   at System.Web.Mvc.Async.AsyncControllerActionInvoker.EndInvokeActionMethod(IAsyncResult asyncResult)
   at System.Web.Mvc.Async.AsyncControllerActionInvoker.AsyncInvocationWithFilters.<InvokeActionMethodFilterAsynchronouslyRecursive>b__3d()
   at System.Web.Mvc.Async.AsyncControllerActionInvoker.AsyncInvocationWithFilters.<>c__DisplayClass46.<InvokeActionMethodFilterAsynchronouslyRecursive>b__3f()
   at System.Web.Mvc.Async.AsyncControllerActionInvoker.<>c__DisplayClass33.<BeginInvokeActionMethodWithFilters>b__32(IAsyncResult asyncResult)
   at System.Web.Mvc.Async.AsyncResultWrapper.WrappedAsyncResult`1.CallEndDelegate(IAsyncResult asyncResult)
   at System.Web.Mvc.Async.AsyncResultWrapper.WrappedAsyncResultBase`1.End()
   at System.Web.Mvc.Async.AsyncControllerActionInvoker.EndInvokeActionMethodWithFilters(IAsyncResult asyncResult)
   at System.Web.Mvc.Async.AsyncControllerActionInvoker.<>c__DisplayClass21.<>c__DisplayClass2b.<BeginInvokeAction>b__1c()
   at System.Web.Mvc.Async.AsyncControllerActionInvoker.<>c__DisplayClass21.<BeginInvokeAction>b__1e(IAsyncResult asyncResult)
2022-04-04 14:03:11,389 [16] ERROR  Application (null) (null) - value of index = 15 is out of range 0..14
2022-04-04 14:50:25,147 [14] ERROR  Application (null) (null) - Name:AQ\11173
2022-04-04 15:11:51,731 [16] ERROR  Application (null) (null) - One or more errors occurred.
2022-04-04 15:11:54,687 [16] ERROR  Application (null) (null) - System.AggregateException: One or more errors occurred. ---> System.Data.SqlClient.SqlException: ORDER BY items must appear in the select list if the statement contains a UNION, INTERSECT or EXCEPT operator.
   at System.Data.SqlClient.SqlConnection.OnError(SqlException exception, Boolean breakConnection, Action`1 wrapCloseInAction)
   at System.Data.SqlClient.SqlInternalConnection.OnError(SqlException exception, Boolean breakConnection, Action`1 wrapCloseInAction)
   at System.Data.SqlClient.TdsParser.ThrowExceptionAndWarning(TdsParserStateObject stateObj, Boolean callerHasConnectionLock, Boolean asyncClose)
   at System.Data.SqlClient.TdsParser.TryRun(RunBehavior runBehavior, SqlCommand cmdHandler, SqlDataReader dataStream, BulkCopySimpleResultSet bulkCopyHandler, TdsParserStateObject stateObj, Boolean& dataReady)
   at System.Data.SqlClient.SqlDataReader.TryHasMoreRows(Boolean& moreRows)
   at System.Data.SqlClient.SqlDataReader.TryReadInternal(Boolean setTimeout, Boolean& more)
   at System.Data.SqlClient.SqlDataReader.TryNextResult(Boolean& more)
   at System.Data.SqlClient.SqlDataReader.NextResult()
   at System.Data.ProviderBase.DataReaderContainer.NextResult()
   at System.Data.Common.DataAdapter.FillNextResult(DataReaderContainer dataReader)
   at System.Data.Common.DataAdapter.FillFromReader(DataSet dataset, DataTable datatable, String srcTable, DataReaderContainer dataReader, Int32 startRecord, Int32 maxRecords, DataColumn parentChapterColumn, Object parentChapterValue)
   at System.Data.Common.DataAdapter.Fill(DataSet dataSet, String srcTable, IDataReader dataReader, Int32 startRecord, Int32 maxRecords)
   at System.Data.Common.DbDataAdapter.FillInternal(DataSet dataset, DataTable[] datatables, Int32 startRecord, Int32 maxRecords, String srcTable, IDbCommand command, CommandBehavior behavior)
   at System.Data.Common.DbDataAdapter.Fill(DataSet dataSet, Int32 startRecord, Int32 maxRecords, String srcTable, IDbCommand command, CommandBehavior behavior)
   at System.Data.Common.DbDataAdapter.Fill(DataSet dataSet)
   at Microsoft.Practices.EnterpriseLibrary.Data.Database.DoLoadDataSet(IDbCommand command, DataSet dataSet, String[] tableNames)
   at Microsoft.Practices.EnterpriseLibrary.Data.Database.LoadDataSet(DbCommand command, DataSet dataSet, String[] tableNames)
   at Microsoft.Practices.EnterpriseLibrary.Data.Database.LoadDataSet(DbCommand command, DataSet dataSet, String tableName)
   at Microsoft.Practices.EnterpriseLibrary.Data.Database.ExecuteDataSet(DbCommand command)
   at AQ.DAL.DataAccess.GetData(String connectionString, String procedureName, Int32 commandTimeout, Object[] parameters)
   at AQ.Kelloggs.DAL.ReportGeneratorDAL.GetBusinessReportData(Object[] parameters, Int32 slidenumber) in D:\Kellogs Projects\Kellogs\AQ.Kelloggs.DAL\ReportGeneratorDAL.cs:line 91
   at AQ.Kelloggs.BAL.ReportGeneratorBAL.<>c__DisplayClass19_0.<GetBrData>b__0(Int32 i) in D:\Kellogs Projects\Kellogs\AQ.Kelloggs.BAL\ReportGeneratorBAL.cs:line 164
   at System.Threading.Tasks.Parallel.<>c__DisplayClass17_0`1.<ForWorker>b__1()
   at System.Threading.Tasks.Task.InnerInvoke()
   at System.Threading.Tasks.Task.InnerInvokeWithArg(Task childTask)
   at System.Threading.Tasks.Task.<>c__DisplayClass176_0.<ExecuteSelfReplicating>b__0(Object <p0>)
   --- End of inner exception stack trace ---
   at System.Threading.Tasks.Task.ThrowIfExceptional(Boolean includeTaskCanceledExceptions)
   at System.Threading.Tasks.Task.Wait(Int32 millisecondsTimeout, CancellationToken cancellationToken)
   at System.Threading.Tasks.Task.Wait()
   at System.Threading.Tasks.Parallel.ForWorker[TLocal](Int32 fromInclusive, Int32 toExclusive, ParallelOptions parallelOptions, Action`1 body, Action`2 bodyWithState, Func`4 bodyWithLocal, Func`1 localInit, Action`1 localFinally)
   at System.Threading.Tasks.Parallel.For(Int32 fromInclusive, Int32 toExclusive, Action`1 body)
   at AQ.Kelloggs.BAL.ReportGeneratorBAL.GetBrData(ReportRequest request) in D:\Kellogs Projects\Kellogs\AQ.Kelloggs.BAL\ReportGeneratorBAL.cs:line 136
   at AQ.Kelloggs.BAL.ReportGeneratorBAL.GetPptDetails(ReportRequest request, IList`1 data, IList`1 origTimeList) in D:\Kellogs Projects\Kellogs\AQ.Kelloggs.BAL\ReportGeneratorBAL.cs:line 3085
   at AQ.Kelloggs.UI.Controllers.ReportGeneratorController.DownloadReport(String request, String origTimeList) in D:\Kellogs Projects\Kellogs\AQ.Kelloggs.UI\Controllers\ReportGeneratorController.cs:line 30
   at lambda_method(Closure , ControllerBase , Object[] )
   at System.Web.Mvc.ActionMethodDispatcher.Execute(ControllerBase controller, Object[] parameters)
   at System.Web.Mvc.ReflectedActionDescriptor.Execute(ControllerContext controllerContext, IDictionary`2 parameters)
   at System.Web.Mvc.ControllerActionInvoker.InvokeActionMethod(ControllerContext controllerContext, ActionDescriptor actionDescriptor, IDictionary`2 parameters)
   at System.Web.Mvc.Async.AsyncControllerActionInvoker.<BeginInvokeSynchronousActionMethod>b__39(IAsyncResult asyncResult, ActionInvocation innerInvokeState)
   at System.Web.Mvc.Async.AsyncResultWrapper.WrappedAsyncResult`2.CallEndDelegate(IAsyncResult asyncResult)
   at System.Web.Mvc.Async.AsyncResultWrapper.WrappedAsyncResultBase`1.End()
   at System.Web.Mvc.Async.AsyncControllerActionInvoker.EndInvokeActionMethod(IAsyncResult asyncResult)
   at System.Web.Mvc.Async.AsyncControllerActionInvoker.AsyncInvocationWithFilters.<InvokeActionMethodFilterAsynchronouslyRecursive>b__3d()
   at System.Web.Mvc.Async.AsyncControllerActionInvoker.AsyncInvocationWithFilters.<>c__DisplayClass46.<InvokeActionMethodFilterAsynchronouslyRecursive>b__3f()
   at System.Web.Mvc.Async.AsyncControllerActionInvoker.<>c__DisplayClass33.<BeginInvokeActionMethodWithFilters>b__32(IAsyncResult asyncResult)
   at System.Web.Mvc.Async.AsyncResultWrapper.WrappedAsyncResult`1.CallEndDelegate(IAsyncResult asyncResult)
   at System.Web.Mvc.Async.AsyncResultWrapper.WrappedAsyncResultBase`1.End()
   at System.Web.Mvc.Async.AsyncControllerActionInvoker.EndInvokeActionMethodWithFilters(IAsyncResult asyncResult)
   at System.Web.Mvc.Async.AsyncControllerActionInvoker.<>c__DisplayClass21.<>c__DisplayClass2b.<BeginInvokeAction>b__1c()
   at System.Web.Mvc.Async.AsyncControllerActionInvoker.<>c__DisplayClass21.<BeginInvokeAction>b__1e(IAsyncResult asyncResult)
---> (Inner Exception #0) System.Data.SqlClient.SqlException (0x80131904): ORDER BY items must appear in the select list if the statement contains a UNION, INTERSECT or EXCEPT operator.
   at System.Data.SqlClient.SqlConnection.OnError(SqlException exception, Boolean breakConnection, Action`1 wrapCloseInAction)
   at System.Data.SqlClient.SqlInternalConnection.OnError(SqlException exception, Boolean breakConnection, Action`1 wrapCloseInAction)
   at System.Data.SqlClient.TdsParser.ThrowExceptionAndWarning(TdsParserStateObject stateObj, Boolean callerHasConnectionLock, Boolean asyncClose)
   at System.Data.SqlClient.TdsParser.TryRun(RunBehavior runBehavior, SqlCommand cmdHandler, SqlDataReader dataStream, BulkCopySimpleResultSet bulkCopyHandler, TdsParserStateObject stateObj, Boolean& dataReady)
   at System.Data.SqlClient.SqlDataReader.TryHasMoreRows(Boolean& moreRows)
   at System.Data.SqlClient.SqlDataReader.TryReadInternal(Boolean setTimeout, Boolean& more)
   at System.Data.SqlClient.SqlDataReader.TryNextResult(Boolean& more)
   at System.Data.SqlClient.SqlDataReader.NextResult()
   at System.Data.ProviderBase.DataReaderContainer.NextResult()
   at System.Data.Common.DataAdapter.FillNextResult(DataReaderContainer dataReader)
   at System.Data.Common.DataAdapter.FillFromReader(DataSet dataset, DataTable datatable, String srcTable, DataReaderContainer dataReader, Int32 startRecord, Int32 maxRecords, DataColumn parentChapterColumn, Object parentChapterValue)
   at System.Data.Common.DataAdapter.Fill(DataSet dataSet, String srcTable, IDataReader dataReader, Int32 startRecord, Int32 maxRecords)
   at System.Data.Common.DbDataAdapter.FillInternal(DataSet dataset, DataTable[] datatables, Int32 startRecord, Int32 maxRecords, String srcTable, IDbCommand command, CommandBehavior behavior)
   at System.Data.Common.DbDataAdapter.Fill(DataSet dataSet, Int32 startRecord, Int32 maxRecords, String srcTable, IDbCommand command, CommandBehavior behavior)
   at System.Data.Common.DbDataAdapter.Fill(DataSet dataSet)
   at Microsoft.Practices.EnterpriseLibrary.Data.Database.DoLoadDataSet(IDbCommand command, DataSet dataSet, String[] tableNames)
   at Microsoft.Practices.EnterpriseLibrary.Data.Database.LoadDataSet(DbCommand command, DataSet dataSet, String[] tableNames)
   at Microsoft.Practices.EnterpriseLibrary.Data.Database.LoadDataSet(DbCommand command, DataSet dataSet, String tableName)
   at Microsoft.Practices.EnterpriseLibrary.Data.Database.ExecuteDataSet(DbCommand command)
   at AQ.DAL.DataAccess.GetData(String connectionString, String procedureName, Int32 commandTimeout, Object[] parameters)
   at AQ.Kelloggs.DAL.ReportGeneratorDAL.GetBusinessReportData(Object[] parameters, Int32 slidenumber) in D:\Kellogs Projects\Kellogs\AQ.Kelloggs.DAL\ReportGeneratorDAL.cs:line 91
   at AQ.Kelloggs.BAL.ReportGeneratorBAL.<>c__DisplayClass19_0.<GetBrData>b__0(Int32 i) in D:\Kellogs Projects\Kellogs\AQ.Kelloggs.BAL\ReportGeneratorBAL.cs:line 164
   at System.Threading.Tasks.Parallel.<>c__DisplayClass17_0`1.<ForWorker>b__1()
   at System.Threading.Tasks.Task.InnerInvoke()
   at System.Threading.Tasks.Task.InnerInvokeWithArg(Task childTask)
   at System.Threading.Tasks.Task.<>c__DisplayClass176_0.<ExecuteSelfReplicating>b__0(Object <p0>)
ClientConnectionId:dc319eb7-4c02-476c-945d-052f2fa05678
Error Number:104,State:1,Class:16<---

2022-04-04 15:11:54,783 [16] ERROR  Application (null) (null) - One or more errors occurred.
