2022-06-06 10:53:32,753 [9] ERROR  Application (null) (null) - Name:AQ\11173
2022-06-06 11:00:47,854 [11] ERROR  Application (null) (null) - value of index = 12 is out of range 0..12
2022-06-06 11:00:54,001 [11] ERROR  Application (null) (null) - System.IndexOutOfRangeException: value of index = 12 is out of range 0..12
   at Aspose.Slides.CellCollection.get_Item(Int32 index)
   at Aspose.Slides.Table.get_Item(Int32 columnIndex, Int32 rowIndex)
   at AQ.Kelloggs.BAL.ReportGeneratorBAL.BindTable12BusinessReview(IDictionary`2 obj, ITable table, Int32 row, Int32 column, String rowMetric, Int32 sNo, String append) in D:\Kellogs Projects\Kellogs\AQ.Kelloggs.BAL\ReportGeneratorBAL.cs:line 3240
   at AQ.Kelloggs.BAL.ReportGeneratorBAL.Bind80Slide(IBaseSlide sld, String CategoryName, String BrandName, String KCategoryName, DataTable slideDataNew, ITable table1, ITable table2, Int32 SlideNum, String ManufactureName) in D:\Kellogs Projects\Kellogs\AQ.Kelloggs.BAL\ReportGeneratorBAL.cs:line 3453
   at AQ.Kelloggs.BAL.ReportGeneratorBAL.GetPptDetails(ReportRequest request, IList`1 data, IList`1 origTimeList) in D:\Kellogs Projects\Kellogs\AQ.Kelloggs.BAL\ReportGeneratorBAL.cs:line 3098
   at AQ.Kelloggs.UI.Controllers.ReportGeneratorController.DownloadReport(String request, String origTimeList) in D:\Kellogs Projects\Kellogs\AQ.Kelloggs.UI\Controllers\ReportGeneratorController.cs:line 32
   at lambda_method(Closure , ControllerBase , Object[] )
   at System.Web.Mvc.ActionMethodDispatcher.Execute(ControllerBase controller, Object[] parameters)
   at System.Web.Mvc.ReflectedActionDescriptor.Execute(ControllerContext controllerContext, IDictionary`2 parameters)
   at System.Web.Mvc.ControllerActionInvoker.InvokeActionMethod(ControllerContext controllerContext, ActionDescriptor actionDescriptor, IDictionary`2 parameters)
   at System.Web.Mvc.Async.AsyncControllerActionInvoker.<BeginInvokeSynchronousActionMethod>b__39(IAsyncResult asyncResult, ActionInvocation innerInvokeState)
   at System.Web.Mvc.Async.AsyncResultWrapper.WrappedAsyncResult`2.CallEndDelegate(IAsyncResult asyncResult)
   at System.Web.Mvc.Async.AsyncResultWrapper.WrappedAsyncResultBase`1.End()
   at System.Web.Mvc.Async.AsyncControllerActionInvoker.EndInvokeActionMethod(IAsyncResult asyncResult)
   at System.Web.Mvc.Async.AsyncControllerActionInvoker.AsyncInvocationWithFilters.<InvokeActionMethodFilterAsynchronouslyRecursive>b__3d()
   at System.Web.Mvc.Async.AsyncControllerActionInvoker.AsyncInvocationWithFilters.<>c__DisplayClass46.<InvokeActionMethodFilterAsynchronouslyRecursive>b__3f()
   at System.Web.Mvc.Async.AsyncControllerActionInvoker.<>c__DisplayClass33.<BeginInvokeActionMethodWithFilters>b__32(IAsyncResult asyncResult)
   at System.Web.Mvc.Async.AsyncResultWrapper.WrappedAsyncResult`1.CallEndDelegate(IAsyncResult asyncResult)
   at System.Web.Mvc.Async.AsyncResultWrapper.WrappedAsyncResultBase`1.End()
   at System.Web.Mvc.Async.AsyncControllerActionInvoker.EndInvokeActionMethodWithFilters(IAsyncResult asyncResult)
   at System.Web.Mvc.Async.AsyncControllerActionInvoker.<>c__DisplayClass21.<>c__DisplayClass2b.<BeginInvokeAction>b__1c()
   at System.Web.Mvc.Async.AsyncControllerActionInvoker.<>c__DisplayClass21.<BeginInvokeAction>b__1e(IAsyncResult asyncResult)
2022-06-06 11:00:54,069 [11] ERROR  Application (null) (null) - value of index = 12 is out of range 0..12
2022-06-06 11:06:27,969 [15] ERROR  Application (null) (null) - value of index = 12 is out of range 0..12
2022-06-06 11:10:06,325 [15] ERROR  Application (null) (null) - value of index = 12 is out of range 0..12
2022-06-06 11:14:00,044 [15] ERROR  Application (null) (null) - System.IndexOutOfRangeException: value of index = 12 is out of range 0..12
   at Aspose.Slides.CellCollection.get_Item(Int32 index)
   at Aspose.Slides.Table.get_Item(Int32 columnIndex, Int32 rowIndex)
   at AQ.Kelloggs.BAL.ReportGeneratorBAL.BindTable12BusinessReview(IDictionary`2 obj, ITable table, Int32 row, Int32 column, String rowMetric, Int32 sNo, String append) in D:\Kellogs Projects\Kellogs\AQ.Kelloggs.BAL\ReportGeneratorBAL.cs:line 3240
   at AQ.Kelloggs.BAL.ReportGeneratorBAL.Bind80Slide(IBaseSlide sld, String CategoryName, String BrandName, String KCategoryName, DataTable slideDataNew, ITable table1, ITable table2, Int32 SlideNum, String ManufactureName) in D:\Kellogs Projects\Kellogs\AQ.Kelloggs.BAL\ReportGeneratorBAL.cs:line 3453
   at AQ.Kelloggs.BAL.ReportGeneratorBAL.GetPptDetails(ReportRequest request, IList`1 data, IList`1 origTimeList) in D:\Kellogs Projects\Kellogs\AQ.Kelloggs.BAL\ReportGeneratorBAL.cs:line 3098
   at AQ.Kelloggs.UI.Controllers.ReportGeneratorController.DownloadReport(String request, String origTimeList) in D:\Kellogs Projects\Kellogs\AQ.Kelloggs.UI\Controllers\ReportGeneratorController.cs:line 32
   at lambda_method(Closure , ControllerBase , Object[] )
   at System.Web.Mvc.ActionMethodDispatcher.Execute(ControllerBase controller, Object[] parameters)
   at System.Web.Mvc.ReflectedActionDescriptor.Execute(ControllerContext controllerContext, IDictionary`2 parameters)
   at System.Web.Mvc.ControllerActionInvoker.InvokeActionMethod(ControllerContext controllerContext, ActionDescriptor actionDescriptor, IDictionary`2 parameters)
   at System.Web.Mvc.Async.AsyncControllerActionInvoker.<BeginInvokeSynchronousActionMethod>b__39(IAsyncResult asyncResult, ActionInvocation innerInvokeState)
   at System.Web.Mvc.Async.AsyncResultWrapper.WrappedAsyncResult`2.CallEndDelegate(IAsyncResult asyncResult)
   at System.Web.Mvc.Async.AsyncResultWrapper.WrappedAsyncResultBase`1.End()
   at System.Web.Mvc.Async.AsyncControllerActionInvoker.EndInvokeActionMethod(IAsyncResult asyncResult)
   at System.Web.Mvc.Async.AsyncControllerActionInvoker.AsyncInvocationWithFilters.<InvokeActionMethodFilterAsynchronouslyRecursive>b__3d()
   at System.Web.Mvc.Async.AsyncControllerActionInvoker.AsyncInvocationWithFilters.<>c__DisplayClass46.<InvokeActionMethodFilterAsynchronouslyRecursive>b__3f()
   at System.Web.Mvc.Async.AsyncControllerActionInvoker.<>c__DisplayClass33.<BeginInvokeActionMethodWithFilters>b__32(IAsyncResult asyncResult)
   at System.Web.Mvc.Async.AsyncResultWrapper.WrappedAsyncResult`1.CallEndDelegate(IAsyncResult asyncResult)
   at System.Web.Mvc.Async.AsyncResultWrapper.WrappedAsyncResultBase`1.End()
   at System.Web.Mvc.Async.AsyncControllerActionInvoker.EndInvokeActionMethodWithFilters(IAsyncResult asyncResult)
   at System.Web.Mvc.Async.AsyncControllerActionInvoker.<>c__DisplayClass21.<>c__DisplayClass2b.<BeginInvokeAction>b__1c()
   at System.Web.Mvc.Async.AsyncControllerActionInvoker.<>c__DisplayClass21.<BeginInvokeAction>b__1e(IAsyncResult asyncResult)
2022-06-06 11:14:00,198 [15] ERROR  Application (null) (null) - value of index = 12 is out of range 0..12
2022-06-06 11:40:29,315 [60] ERROR  Application (null) (null) - value of index = 12 is out of range 0..12
2022-06-06 12:00:27,808 [12] ERROR  Application (null) (null) - Name:AQ\11173
2022-06-06 12:09:16,528 [13] ERROR  Application (null) (null) - value of index = 6 is out of range 0..5
2022-06-06 12:09:19,442 [13] ERROR  Application (null) (null) - System.IndexOutOfRangeException: value of index = 6 is out of range 0..5
   at Aspose.Slides.RowCollection.get_Item(Int32 index)
   at Aspose.Slides.Table.get_Item(Int32 columnIndex, Int32 rowIndex)
   at AQ.Kelloggs.BAL.ReportGeneratorBAL.BindTable12BusinessReview(IDictionary`2 obj, ITable table, Int32 row, Int32 column, String rowMetric, Int32 sNo, String append) in D:\Kellogs Projects\Kellogs\AQ.Kelloggs.BAL\ReportGeneratorBAL.cs:line 3237
   at AQ.Kelloggs.BAL.ReportGeneratorBAL.Bind80Slide(IBaseSlide sld, String CategoryName, String BrandName, String KCategoryName, DataTable slideDataNew, ITable table1, ITable table2, Int32 SlideNum, String ManufactureName) in D:\Kellogs Projects\Kellogs\AQ.Kelloggs.BAL\ReportGeneratorBAL.cs:line 3453
   at AQ.Kelloggs.BAL.ReportGeneratorBAL.GetPptDetails(ReportRequest request, IList`1 data, IList`1 origTimeList) in D:\Kellogs Projects\Kellogs\AQ.Kelloggs.BAL\ReportGeneratorBAL.cs:line 3098
   at AQ.Kelloggs.UI.Controllers.ReportGeneratorController.DownloadReport(String request, String origTimeList) in D:\Kellogs Projects\Kellogs\AQ.Kelloggs.UI\Controllers\ReportGeneratorController.cs:line 32
   at lambda_method(Closure , ControllerBase , Object[] )
   at System.Web.Mvc.ActionMethodDispatcher.Execute(ControllerBase controller, Object[] parameters)
   at System.Web.Mvc.ReflectedActionDescriptor.Execute(ControllerContext controllerContext, IDictionary`2 parameters)
   at System.Web.Mvc.ControllerActionInvoker.InvokeActionMethod(ControllerContext controllerContext, ActionDescriptor actionDescriptor, IDictionary`2 parameters)
   at System.Web.Mvc.Async.AsyncControllerActionInvoker.<BeginInvokeSynchronousActionMethod>b__39(IAsyncResult asyncResult, ActionInvocation innerInvokeState)
   at System.Web.Mvc.Async.AsyncResultWrapper.WrappedAsyncResult`2.CallEndDelegate(IAsyncResult asyncResult)
   at System.Web.Mvc.Async.AsyncResultWrapper.WrappedAsyncResultBase`1.End()
   at System.Web.Mvc.Async.AsyncControllerActionInvoker.EndInvokeActionMethod(IAsyncResult asyncResult)
   at System.Web.Mvc.Async.AsyncControllerActionInvoker.AsyncInvocationWithFilters.<InvokeActionMethodFilterAsynchronouslyRecursive>b__3d()
   at System.Web.Mvc.Async.AsyncControllerActionInvoker.AsyncInvocationWithFilters.<>c__DisplayClass46.<InvokeActionMethodFilterAsynchronouslyRecursive>b__3f()
   at System.Web.Mvc.Async.AsyncControllerActionInvoker.<>c__DisplayClass33.<BeginInvokeActionMethodWithFilters>b__32(IAsyncResult asyncResult)
   at System.Web.Mvc.Async.AsyncResultWrapper.WrappedAsyncResult`1.CallEndDelegate(IAsyncResult asyncResult)
   at System.Web.Mvc.Async.AsyncResultWrapper.WrappedAsyncResultBase`1.End()
   at System.Web.Mvc.Async.AsyncControllerActionInvoker.EndInvokeActionMethodWithFilters(IAsyncResult asyncResult)
   at System.Web.Mvc.Async.AsyncControllerActionInvoker.<>c__DisplayClass21.<>c__DisplayClass2b.<BeginInvokeAction>b__1c()
   at System.Web.Mvc.Async.AsyncControllerActionInvoker.<>c__DisplayClass21.<BeginInvokeAction>b__1e(IAsyncResult asyncResult)
2022-06-06 12:09:19,507 [13] ERROR  Application (null) (null) - value of index = 6 is out of range 0..5
